Using pre-set license
Built from '2020.2/release' branch; Version is '2020.2.1f1 (270dd8c3da1c) revision 2559448'; Using compiler version '192528614'; Build Type 'Release'
OS: 'Windows 10  (10.0.0) 64bit' Language: 'ko' Physical Memory: 16322 MB
BatchMode: 1, IsHumanControllingUs: 0, StartBugReporterOnCrash: 0, Is64bit: 1, IsPro: 0

 COMMAND LINE ARGUMENTS:
D:\UNITY\unity\2020.2.1f1\Editor\Unity.exe
-adb2
-batchMode
-noUpm
-name
AssetImportWorker0
-projectPath
C:/Users/User/Desktop/Unity/Swipe Breakout Clone
-logFile
Logs/AssetImportWorker0.log
-srvPort
61503
Successfully changed project path to: C:/Users/User/Desktop/Unity/Swipe Breakout Clone
C:/Users/User/Desktop/Unity/Swipe Breakout Clone
Using Asset Import Pipeline V2.
Refreshing native plugins compatible for Editor in 29.55 ms, found 0 plugins.
Preloading 0 native plugins for Editor in 0.00 ms.
Initialize engine version: 2020.2.1f1 (270dd8c3da1c)
[Subsystems] Discovering subsystems at path D:/UNITY/unity/2020.2.1f1/Editor/Data/Resources/UnitySubsystems
[Subsystems] Discovering subsystems at path C:/Users/User/Desktop/Unity/Swipe Breakout Clone/Assets
GfxDevice: creating device client; threaded=0
Direct3D:
    Version:  Direct3D 11.0 [level 11.1]
    Renderer: NVIDIA GeForce RTX 2070 SUPER (ID=0x1e84)
    Vendor:   
    VRAM:     8011 MB
    Driver:   27.21.14.6172
Initialize mono
Mono path[0] = 'D:/UNITY/unity/2020.2.1f1/Editor/Data/Managed'
Mono path[1] = 'D:/UNITY/unity/2020.2.1f1/Editor/Data/MonoBleedingEdge/lib/mono/unityjit'
Mono config path = 'D:/UNITY/unity/2020.2.1f1/Editor/Data/MonoBleedingEdge/etc'
Using monoOptions --debugger-agent=transport=dt_socket,embedding=1,server=y,suspend=n,address=127.0.0.1:56532
Begin MonoManager ReloadAssembly
Registering precompiled unity dll's ...
Register platform support module: D:/UNITY/unity/2020.2.1f1/Editor/Data/PlaybackEngines/WindowsStandaloneSupport/UnityEditor.WindowsStandalone.Extensions.dll
Registered in 0.000728 seconds.
Native extension for WindowsStandalone target not found
Refreshing native plugins compatible for Editor in 31.56 ms, found 0 plugins.
Preloading 0 native plugins for Editor in 0.00 ms.
Invoked RoslynAnalysisRunner static constructor.
RoslynAnalysisRunner will not be running.
RoslynAnalysisRunner has terminated.
Mono: successfully reloaded assembly
- Completed reload, in  1.168 seconds
Platform modules already initialized, skipping
Registering precompiled user dll's ...
Registered in 0.001318 seconds.
Begin MonoManager ReloadAssembly
Native extension for WindowsStandalone target not found
Refreshing native plugins compatible for Editor in 0.51 ms, found 0 plugins.
Preloading 0 native plugins for Editor in 0.00 ms.
Invoked RoslynAnalysisRunner static constructor.
RoslynAnalysisRunner will not be running.
RoslynAnalysisRunner has terminated.
Mono: successfully reloaded assembly
- Completed reload, in  0.829 seconds
Platform modules already initialized, skipping
========================================================================
Worker process is ready to serve import requests
Launched and connected shader compiler UnityShaderCompiler.exe after 0.05 seconds
Refreshing native plugins compatible for Editor in 0.63 ms, found 0 plugins.
Preloading 0 native plugins for Editor in 0.00 ms.
Unloading 1357 Unused Serialized files (Serialized files now loaded: 0)
System memory in use before: 138.3 MB.
System memory in use after: 138.4 MB.

Unloading 32 unused Assets to reduce memory usage. Loaded Objects now: 1803.
Total: 1.722300 ms (FindLiveObjects: 0.246600 ms CreateObjectMapping: 0.087700 ms MarkObjects: 1.360500 ms  DeleteObjects: 0.026500 ms)

========================================================================
Received Import Request.
  path: Assets/OneCommand.cs
  artifactKey: Guid(c4bdb7ac15dc16b429775b428ec75e91) Importer(815301076,1909f56bfc062723c751e8b465ee728b)
Start importing Assets/OneCommand.cs using Guid(c4bdb7ac15dc16b429775b428ec75e91) Importer(815301076,1909f56bfc062723c751e8b465ee728b)  -> (artifact id: 'e325778bd4e418164caf5a9234ff0123') in 0.047333 seconds
  Import took 0.052245 seconds .

========================================================================
Received Import Request.
  Time since last request: 23.270426 seconds.
  path: Assets/OneCommand.cs
  artifactKey: Guid(c4bdb7ac15dc16b429775b428ec75e91) Importer(815301076,1909f56bfc062723c751e8b465ee728b)
Start importing Assets/OneCommand.cs using Guid(c4bdb7ac15dc16b429775b428ec75e91) Importer(815301076,1909f56bfc062723c751e8b465ee728b)  -> (artifact id: '99034b5fcd7c73bbbf7399c1249a5d03') in 0.001548 seconds
  Import took 0.004469 seconds .

========================================================================
Received Import Request.
  Time since last request: 74.120025 seconds.
  path: Assets/OneCommand.cs
  artifactKey: Guid(c4bdb7ac15dc16b429775b428ec75e91) Importer(815301076,1909f56bfc062723c751e8b465ee728b)
Start importing Assets/OneCommand.cs using Guid(c4bdb7ac15dc16b429775b428ec75e91) Importer(815301076,1909f56bfc062723c751e8b465ee728b)  -> (artifact id: 'ae161de96d4f94800e8c5bcb4e3cceb4') in 0.001856 seconds
  Import took 0.005378 seconds .

========================================================================
Received Prepare
Registering precompiled user dll's ...
Registered in 0.001154 seconds.
Begin MonoManager ReloadAssembly
Native extension for WindowsStandalone target not found
Refreshing native plugins compatible for Editor in 0.38 ms, found 0 plugins.
Preloading 0 native plugins for Editor in 0.00 ms.
Invoked RoslynAnalysisRunner static constructor.
RoslynAnalysisRunner will not be running.
RoslynAnalysisRunner has terminated.
Mono: successfully reloaded assembly
- Completed reload, in  0.713 seconds
Platform modules already initialized, skipping
Refreshing native plugins compatible for Editor in 0.34 ms, found 0 plugins.
Preloading 0 native plugins for Editor in 0.00 ms.
Unloading 1354 Unused Serialized files (Serialized files now loaded: 0)
System memory in use before: 138.3 MB.
System memory in use after: 138.4 MB.

Unloading 24 unused Assets to reduce memory usage. Loaded Objects now: 1805.
Total: 1.357600 ms (FindLiveObjects: 0.154200 ms CreateObjectMapping: 0.045100 ms MarkObjects: 1.142600 ms  DeleteObjects: 0.014500 ms)

AssetImportWorkerClient::OnTransportError - code=2 error=End of file
